{"/Users/shelby_faulconer/ada/projects/js-adagrams/src/adagrams.js": {"path":"/Users/shelby_faulconer/ada/projects/js-adagrams/src/adagrams.js","statementMap":{"0":{"start":{"line":3,"column":19},"end":{"line":30,"column":1}},"1":{"start":{"line":32,"column":29},"end":{"line":35,"column":1}},"2":{"start":{"line":33,"column":19},"end":{"line":33,"column":47}},"3":{"start":{"line":34,"column":2},"end":{"line":34,"column":63}},"4":{"start":{"line":38,"column":27},"end":{"line":54,"column":1}},"5":{"start":{"line":40,"column":17},"end":{"line":40,"column":19}},"6":{"start":{"line":42,"column":17},"end":{"line":42,"column":55}},"7":{"start":{"line":44,"column":2},"end":{"line":53,"column":3}},"8":{"start":{"line":45,"column":17},"end":{"line":45,"column":39}},"9":{"start":{"line":46,"column":22},"end":{"line":46,"column":38}},"10":{"start":{"line":47,"column":4},"end":{"line":52,"column":5}},"11":{"start":{"line":48,"column":6},"end":{"line":48,"column":15}},"12":{"start":{"line":50,"column":6},"end":{"line":50,"column":28}},"13":{"start":{"line":51,"column":6},"end":{"line":51,"column":28}},"14":{"start":{"line":53,"column":4},"end":{"line":53,"column":20}},"15":{"start":{"line":82,"column":36},"end":{"line":122,"column":1}},"16":{"start":{"line":125,"column":25},"end":{"line":127,"column":1}},"17":{"start":{"line":129,"column":26},"end":{"line":131,"column":1}},"18":{"start":{"line":133,"column":32},"end":{"line":135,"column":1}}},"fnMap":{"0":{"name":"(anonymous_0)","decl":{"start":{"line":32,"column":29},"end":{"line":32,"column":30}},"loc":{"start":{"line":32,"column":35},"end":{"line":35,"column":1}},"line":32},"1":{"name":"(anonymous_1)","decl":{"start":{"line":38,"column":27},"end":{"line":38,"column":28}},"loc":{"start":{"line":38,"column":33},"end":{"line":54,"column":1}},"line":38},"2":{"name":"(anonymous_2)","decl":{"start":{"line":82,"column":36},"end":{"line":82,"column":37}},"loc":{"start":{"line":82,"column":62},"end":{"line":122,"column":1}},"line":82},"3":{"name":"(anonymous_3)","decl":{"start":{"line":125,"column":25},"end":{"line":125,"column":26}},"loc":{"start":{"line":125,"column":35},"end":{"line":127,"column":1}},"line":125},"4":{"name":"(anonymous_4)","decl":{"start":{"line":129,"column":26},"end":{"line":129,"column":27}},"loc":{"start":{"line":129,"column":40},"end":{"line":131,"column":1}},"line":129},"5":{"name":"(anonymous_5)","decl":{"start":{"line":133,"column":32},"end":{"line":133,"column":33}},"loc":{"start":{"line":133,"column":43},"end":{"line":135,"column":1}},"line":133}},"branchMap":{"0":{"loc":{"start":{"line":47,"column":4},"end":{"line":52,"column":5}},"type":"if","locations":[{"start":{"line":47,"column":4},"end":{"line":52,"column":5}},{"start":{"line":47,"column":4},"end":{"line":52,"column":5}}],"line":47}},"s":{"0":2,"1":2,"2":10416,"3":10416,"4":2,"5":1002,"6":1002,"7":1002,"8":10416,"9":10416,"10":10416,"11":396,"12":10020,"13":10020,"14":1002,"15":2,"16":2,"17":2,"18":2},"f":{"0":10416,"1":1002,"2":0,"3":0,"4":0,"5":0},"b":{"0":[396,10020]},"_coverageSchema":"43e27e138ebf9cfc5966b082cf9a028302ed4184","hash":"ba0755bc2371bdec820c5ceee302c5e482440c93"}
,"/Users/shelby_faulconer/ada/projects/js-adagrams/src/demo/adagrams.js": {"path":"/Users/shelby_faulconer/ada/projects/js-adagrams/src/demo/adagrams.js","statementMap":{"0":{"start":{"line":8,"column":13},"end":{"line":13,"column":1}},"1":{"start":{"line":15,"column":13},"end":{"line":54,"column":1}},"2":{"start":{"line":17,"column":27},"end":{"line":17,"column":77}},"3":{"start":{"line":19,"column":4},"end":{"line":21,"column":5}},"4":{"start":{"line":20,"column":6},"end":{"line":20,"column":50}},"5":{"start":{"line":23,"column":4},"end":{"line":23,"column":26}},"6":{"start":{"line":27,"column":4},"end":{"line":29,"column":5}},"7":{"start":{"line":28,"column":6},"end":{"line":28,"column":61}},"8":{"start":{"line":31,"column":4},"end":{"line":31,"column":16}},"9":{"start":{"line":35,"column":4},"end":{"line":37,"column":5}},"10":{"start":{"line":36,"column":6},"end":{"line":36,"column":34}},"11":{"start":{"line":39,"column":4},"end":{"line":39,"column":14}},"12":{"start":{"line":43,"column":4},"end":{"line":45,"column":5}},"13":{"start":{"line":44,"column":6},"end":{"line":44,"column":42}},"14":{"start":{"line":47,"column":4},"end":{"line":47,"column":38}},"15":{"start":{"line":47,"column":26},"end":{"line":47,"column":38}},"16":{"start":{"line":49,"column":4},"end":{"line":52,"column":6}}},"fnMap":{"0":{"name":"(anonymous_0)","decl":{"start":{"line":16,"column":2},"end":{"line":16,"column":3}},"loc":{"start":{"line":16,"column":16},"end":{"line":24,"column":3}},"line":16},"1":{"name":"(anonymous_1)","decl":{"start":{"line":26,"column":2},"end":{"line":26,"column":3}},"loc":{"start":{"line":26,"column":45},"end":{"line":32,"column":3}},"line":26},"2":{"name":"(anonymous_2)","decl":{"start":{"line":34,"column":2},"end":{"line":34,"column":3}},"loc":{"start":{"line":34,"column":18},"end":{"line":40,"column":3}},"line":34},"3":{"name":"(anonymous_3)","decl":{"start":{"line":42,"column":2},"end":{"line":42,"column":3}},"loc":{"start":{"line":42,"column":26},"end":{"line":53,"column":3}},"line":42}},"branchMap":{"0":{"loc":{"start":{"line":19,"column":4},"end":{"line":21,"column":5}},"type":"if","locations":[{"start":{"line":19,"column":4},"end":{"line":21,"column":5}},{"start":{"line":19,"column":4},"end":{"line":21,"column":5}}],"line":19},"1":{"loc":{"start":{"line":20,"column":13},"end":{"line":20,"column":49}},"type":"binary-expr","locations":[{"start":{"line":20,"column":13},"end":{"line":20,"column":31}},{"start":{"line":20,"column":35},"end":{"line":20,"column":49}}],"line":20},"2":{"loc":{"start":{"line":27,"column":4},"end":{"line":29,"column":5}},"type":"if","locations":[{"start":{"line":27,"column":4},"end":{"line":29,"column":5}},{"start":{"line":27,"column":4},"end":{"line":29,"column":5}}],"line":27},"3":{"loc":{"start":{"line":35,"column":4},"end":{"line":37,"column":5}},"type":"if","locations":[{"start":{"line":35,"column":4},"end":{"line":37,"column":5}},{"start":{"line":35,"column":4},"end":{"line":37,"column":5}}],"line":35},"4":{"loc":{"start":{"line":43,"column":4},"end":{"line":45,"column":5}},"type":"if","locations":[{"start":{"line":43,"column":4},"end":{"line":45,"column":5}},{"start":{"line":43,"column":4},"end":{"line":45,"column":5}}],"line":43},"5":{"loc":{"start":{"line":47,"column":4},"end":{"line":47,"column":38}},"type":"if","locations":[{"start":{"line":47,"column":4},"end":{"line":47,"column":38}},{"start":{"line":47,"column":4},"end":{"line":47,"column":38}}],"line":47}},"s":{"0":1,"1":1,"2":0,"3":0,"4":0,"5":0,"6":0,"7":0,"8":0,"9":0,"10":0,"11":0,"12":0,"13":0,"14":0,"15":0,"16":0},"f":{"0":0,"1":0,"2":0,"3":0},"b":{"0":[0,0],"1":[0,0],"2":[0,0],"3":[0,0],"4":[0,0],"5":[0,0]},"_coverageSchema":"43e27e138ebf9cfc5966b082cf9a028302ed4184","hash":"71286181930dd37f6af395ab60944f58fdcc20a4"}
,"/Users/shelby_faulconer/ada/projects/js-adagrams/src/demo/model.js": {"path":"/Users/shelby_faulconer/ada/projects/js-adagrams/src/demo/model.js","statementMap":{"0":{"start":{"line":5,"column":4},"end":{"line":7,"column":5}},"1":{"start":{"line":6,"column":6},"end":{"line":6,"column":60}},"2":{"start":{"line":9,"column":4},"end":{"line":9,"column":25}},"3":{"start":{"line":12,"column":4},"end":{"line":12,"column":19}},"4":{"start":{"line":13,"column":4},"end":{"line":13,"column":30}},"5":{"start":{"line":14,"column":4},"end":{"line":14,"column":27}},"6":{"start":{"line":29,"column":4},"end":{"line":32,"column":11}},"7":{"start":{"line":30,"column":6},"end":{"line":30,"column":25}},"8":{"start":{"line":31,"column":6},"end":{"line":31,"column":19}},"9":{"start":{"line":36,"column":4},"end":{"line":36,"column":48}},"10":{"start":{"line":36,"column":36},"end":{"line":36,"column":48}},"11":{"start":{"line":38,"column":4},"end":{"line":38,"column":48}},"12":{"start":{"line":43,"column":4},"end":{"line":43,"column":17}},"13":{"start":{"line":44,"column":4},"end":{"line":44,"column":27}},"14":{"start":{"line":46,"column":21},"end":{"line":46,"column":52}},"15":{"start":{"line":47,"column":4},"end":{"line":49,"column":5}},"16":{"start":{"line":48,"column":6},"end":{"line":48,"column":54}},"17":{"start":{"line":52,"column":4},"end":{"line":52,"column":45}},"18":{"start":{"line":55,"column":4},"end":{"line":57,"column":7}},"19":{"start":{"line":56,"column":6},"end":{"line":56,"column":46}},"20":{"start":{"line":59,"column":4},"end":{"line":59,"column":38}},"21":{"start":{"line":63,"column":4},"end":{"line":63,"column":25}},"22":{"start":{"line":65,"column":22},"end":{"line":65,"column":70}},"23":{"start":{"line":66,"column":19},"end":{"line":66,"column":68}},"24":{"start":{"line":68,"column":4},"end":{"line":68,"column":33}},"25":{"start":{"line":72,"column":4},"end":{"line":72,"column":30}},"26":{"start":{"line":74,"column":4},"end":{"line":74,"column":39}},"27":{"start":{"line":74,"column":27},"end":{"line":74,"column":39}},"28":{"start":{"line":76,"column":4},"end":{"line":76,"column":27}},"29":{"start":{"line":78,"column":4},"end":{"line":78,"column":36}},"30":{"start":{"line":82,"column":4},"end":{"line":82,"column":37}},"31":{"start":{"line":82,"column":24},"end":{"line":82,"column":37}},"32":{"start":{"line":83,"column":4},"end":{"line":83,"column":59}},"33":{"start":{"line":87,"column":4},"end":{"line":87,"column":39}},"34":{"start":{"line":91,"column":4},"end":{"line":91,"column":63}},"35":{"start":{"line":95,"column":18},"end":{"line":95,"column":47}},"36":{"start":{"line":96,"column":4},"end":{"line":98,"column":5}},"37":{"start":{"line":97,"column":6},"end":{"line":97,"column":18}},"38":{"start":{"line":100,"column":4},"end":{"line":100,"column":44}},"39":{"start":{"line":104,"column":22},"end":{"line":106,"column":80}},"40":{"start":{"line":105,"column":42},"end":{"line":105,"column":86}},"41":{"start":{"line":106,"column":61},"end":{"line":106,"column":79}},"42":{"start":{"line":108,"column":4},"end":{"line":110,"column":5}},"43":{"start":{"line":109,"column":6},"end":{"line":109,"column":62}},"44":{"start":{"line":112,"column":34},"end":{"line":112,"column":94}},"45":{"start":{"line":112,"column":88},"end":{"line":112,"column":92}},"46":{"start":{"line":113,"column":4},"end":{"line":113,"column":62}},"47":{"start":{"line":113,"column":40},"end":{"line":113,"column":60}},"48":{"start":{"line":118,"column":25},"end":{"line":118,"column":27}},"49":{"start":{"line":119,"column":4},"end":{"line":128,"column":5}},"50":{"start":{"line":119,"column":20},"end":{"line":119,"column":21}},"51":{"start":{"line":120,"column":21},"end":{"line":120,"column":45}},"52":{"start":{"line":121,"column":23},"end":{"line":121,"column":82}},"53":{"start":{"line":121,"column":57},"end":{"line":121,"column":81}},"54":{"start":{"line":123,"column":6},"end":{"line":127,"column":7}},"55":{"start":{"line":124,"column":8},"end":{"line":124,"column":39}},"56":{"start":{"line":126,"column":8},"end":{"line":126,"column":34}},"57":{"start":{"line":130,"column":4},"end":{"line":136,"column":41}},"58":{"start":{"line":131,"column":6},"end":{"line":133,"column":7}},"59":{"start":{"line":132,"column":8},"end":{"line":132,"column":33}},"60":{"start":{"line":135,"column":6},"end":{"line":135,"column":24}}},"fnMap":{"0":{"name":"(anonymous_0)","decl":{"start":{"line":4,"column":2},"end":{"line":4,"column":3}},"loc":{"start":{"line":4,"column":22},"end":{"line":33,"column":3}},"line":4},"1":{"name":"(anonymous_1)","decl":{"start":{"line":29,"column":44},"end":{"line":29,"column":45}},"loc":{"start":{"line":29,"column":63},"end":{"line":32,"column":5}},"line":29},"2":{"name":"(anonymous_2)","decl":{"start":{"line":35,"column":2},"end":{"line":35,"column":3}},"loc":{"start":{"line":35,"column":22},"end":{"line":39,"column":3}},"line":35},"3":{"name":"(anonymous_3)","decl":{"start":{"line":42,"column":2},"end":{"line":42,"column":3}},"loc":{"start":{"line":42,"column":14},"end":{"line":60,"column":3}},"line":42},"4":{"name":"(anonymous_4)","decl":{"start":{"line":55,"column":32},"end":{"line":55,"column":33}},"loc":{"start":{"line":55,"column":44},"end":{"line":57,"column":5}},"line":55},"5":{"name":"(anonymous_5)","decl":{"start":{"line":62,"column":2},"end":{"line":62,"column":3}},"loc":{"start":{"line":62,"column":13},"end":{"line":69,"column":3}},"line":62},"6":{"name":"(anonymous_6)","decl":{"start":{"line":71,"column":2},"end":{"line":71,"column":3}},"loc":{"start":{"line":71,"column":17},"end":{"line":79,"column":3}},"line":71},"7":{"name":"(anonymous_7)","decl":{"start":{"line":81,"column":2},"end":{"line":81,"column":3}},"loc":{"start":{"line":81,"column":45},"end":{"line":84,"column":3}},"line":81},"8":{"name":"(anonymous_8)","decl":{"start":{"line":86,"column":2},"end":{"line":86,"column":3}},"loc":{"start":{"line":86,"column":22},"end":{"line":88,"column":3}},"line":86},"9":{"name":"(anonymous_9)","decl":{"start":{"line":90,"column":2},"end":{"line":90,"column":3}},"loc":{"start":{"line":90,"column":69},"end":{"line":92,"column":3}},"line":90},"10":{"name":"(anonymous_10)","decl":{"start":{"line":94,"column":2},"end":{"line":94,"column":3}},"loc":{"start":{"line":94,"column":27},"end":{"line":101,"column":3}},"line":94},"11":{"name":"(anonymous_11)","decl":{"start":{"line":103,"column":2},"end":{"line":103,"column":3}},"loc":{"start":{"line":103,"column":22},"end":{"line":114,"column":3}},"line":103},"12":{"name":"(anonymous_12)","decl":{"start":{"line":105,"column":29},"end":{"line":105,"column":30}},"loc":{"start":{"line":105,"column":42},"end":{"line":105,"column":86}},"line":105},"13":{"name":"(anonymous_13)","decl":{"start":{"line":106,"column":32},"end":{"line":106,"column":33}},"loc":{"start":{"line":106,"column":61},"end":{"line":106,"column":79}},"line":106},"14":{"name":"(anonymous_14)","decl":{"start":{"line":112,"column":74},"end":{"line":112,"column":75}},"loc":{"start":{"line":112,"column":88},"end":{"line":112,"column":92}},"line":112},"15":{"name":"(anonymous_15)","decl":{"start":{"line":113,"column":26},"end":{"line":113,"column":27}},"loc":{"start":{"line":113,"column":40},"end":{"line":113,"column":60}},"line":113},"16":{"name":"(anonymous_16)","decl":{"start":{"line":116,"column":2},"end":{"line":116,"column":3}},"loc":{"start":{"line":116,"column":16},"end":{"line":137,"column":3}},"line":116},"17":{"name":"(anonymous_17)","decl":{"start":{"line":121,"column":41},"end":{"line":121,"column":42}},"loc":{"start":{"line":121,"column":57},"end":{"line":121,"column":81}},"line":121},"18":{"name":"(anonymous_18)","decl":{"start":{"line":130,"column":31},"end":{"line":130,"column":32}},"loc":{"start":{"line":130,"column":60},"end":{"line":136,"column":5}},"line":130}},"branchMap":{"0":{"loc":{"start":{"line":5,"column":4},"end":{"line":7,"column":5}},"type":"if","locations":[{"start":{"line":5,"column":4},"end":{"line":7,"column":5}},{"start":{"line":5,"column":4},"end":{"line":7,"column":5}}],"line":5},"1":{"loc":{"start":{"line":36,"column":4},"end":{"line":36,"column":48}},"type":"if","locations":[{"start":{"line":36,"column":4},"end":{"line":36,"column":48}},{"start":{"line":36,"column":4},"end":{"line":36,"column":48}}],"line":36},"2":{"loc":{"start":{"line":47,"column":4},"end":{"line":49,"column":5}},"type":"if","locations":[{"start":{"line":47,"column":4},"end":{"line":49,"column":5}},{"start":{"line":47,"column":4},"end":{"line":49,"column":5}}],"line":47},"3":{"loc":{"start":{"line":66,"column":19},"end":{"line":66,"column":68}},"type":"cond-expr","locations":[{"start":{"line":66,"column":32},"end":{"line":66,"column":36}},{"start":{"line":66,"column":39},"end":{"line":66,"column":68}}],"line":66},"4":{"loc":{"start":{"line":74,"column":4},"end":{"line":74,"column":39}},"type":"if","locations":[{"start":{"line":74,"column":4},"end":{"line":74,"column":39}},{"start":{"line":74,"column":4},"end":{"line":74,"column":39}}],"line":74},"5":{"loc":{"start":{"line":81,"column":15},"end":{"line":81,"column":43}},"type":"default-arg","locations":[{"start":{"line":81,"column":28},"end":{"line":81,"column":43}}],"line":81},"6":{"loc":{"start":{"line":82,"column":4},"end":{"line":82,"column":37}},"type":"if","locations":[{"start":{"line":82,"column":4},"end":{"line":82,"column":37}},{"start":{"line":82,"column":4},"end":{"line":82,"column":37}}],"line":82},"7":{"loc":{"start":{"line":90,"column":20},"end":{"line":90,"column":47}},"type":"default-arg","locations":[{"start":{"line":90,"column":29},"end":{"line":90,"column":47}}],"line":90},"8":{"loc":{"start":{"line":90,"column":49},"end":{"line":90,"column":67}},"type":"default-arg","locations":[{"start":{"line":90,"column":57},"end":{"line":90,"column":67}}],"line":90},"9":{"loc":{"start":{"line":96,"column":4},"end":{"line":98,"column":5}},"type":"if","locations":[{"start":{"line":96,"column":4},"end":{"line":98,"column":5}},{"start":{"line":96,"column":4},"end":{"line":98,"column":5}}],"line":96},"10":{"loc":{"start":{"line":108,"column":4},"end":{"line":110,"column":5}},"type":"if","locations":[{"start":{"line":108,"column":4},"end":{"line":110,"column":5}},{"start":{"line":108,"column":4},"end":{"line":110,"column":5}}],"line":108},"11":{"loc":{"start":{"line":123,"column":6},"end":{"line":127,"column":7}},"type":"if","locations":[{"start":{"line":123,"column":6},"end":{"line":127,"column":7}},{"start":{"line":123,"column":6},"end":{"line":127,"column":7}}],"line":123},"12":{"loc":{"start":{"line":131,"column":6},"end":{"line":133,"column":7}},"type":"if","locations":[{"start":{"line":131,"column":6},"end":{"line":133,"column":7}},{"start":{"line":131,"column":6},"end":{"line":133,"column":7}}],"line":131}},"s":{"0":0,"1":0,"2":0,"3":0,"4":0,"5":0,"6":0,"7":0,"8":0,"9":0,"10":0,"11":0,"12":0,"13":0,"14":0,"15":0,"16":0,"17":0,"18":0,"19":0,"20":0,"21":0,"22":0,"23":0,"24":0,"25":0,"26":0,"27":0,"28":0,"29":0,"30":0,"31":0,"32":0,"33":0,"34":0,"35":0,"36":0,"37":0,"38":0,"39":0,"40":0,"41":0,"42":0,"43":0,"44":0,"45":0,"46":0,"47":0,"48":0,"49":0,"50":0,"51":0,"52":0,"53":0,"54":0,"55":0,"56":0,"57":0,"58":0,"59":0,"60":0},"f":{"0":0,"1":0,"2":0,"3":0,"4":0,"5":0,"6":0,"7":0,"8":0,"9":0,"10":0,"11":0,"12":0,"13":0,"14":0,"15":0,"16":0,"17":0,"18":0},"b":{"0":[0,0],"1":[0,0],"2":[0,0],"3":[0,0],"4":[0,0],"5":[0],"6":[0,0],"7":[0],"8":[0],"9":[0,0],"10":[0,0],"11":[0,0],"12":[0,0]},"_coverageSchema":"43e27e138ebf9cfc5966b082cf9a028302ed4184","hash":"8863aee444c11515734fa99ff54ad8e6b480da50"}
}
