TN:
SF:/Users/shelby_faulconer/ada/projects/js-adagrams/src/adagrams.js
FN:61,(anonymous_0)
FN:67,(anonymous_1)
FN:86,(anonymous_2)
FN:113,(anonymous_3)
FN:150,(anonymous_4)
FN:170,(anonymous_5)
FNF:6
FNH:5
FNDA:10399,(anonymous_0)
FNDA:1002,(anonymous_1)
FNDA:3,(anonymous_2)
FNDA:41,(anonymous_3)
FNDA:0,(anonymous_4)
FNDA:7,(anonymous_5)
DA:3,2
DA:32,2
DA:61,2
DA:62,10399
DA:63,10399
DA:67,2
DA:69,1002
DA:71,1002
DA:73,1002
DA:74,10399
DA:75,10399
DA:76,10399
DA:77,379
DA:79,10020
DA:80,10020
DA:82,1002
DA:86,2
DA:87,3
DA:88,3
DA:89,30
DA:90,19
DA:91,19
DA:93,11
DA:97,3
DA:98,9
DA:99,1
DA:101,8
DA:102,8
DA:103,1
DA:105,7
DA:109,1
DA:113,2
DA:115,41
DA:116,41
DA:117,41
DA:118,41
DA:119,1
DA:121,41
DA:122,237
DA:124,41
DA:125,16
DA:127,41
DA:150,2
DA:151,0
DA:152,0
DA:153,0
DA:155,0
DA:156,0
DA:157,0
DA:158,0
DA:159,0
DA:160,0
DA:161,0
DA:162,0
DA:163,0
DA:166,0
DA:170,2
DA:172,7
DA:173,7
DA:175,7
DA:176,18
DA:177,18
DA:178,11
DA:181,18
DA:182,0
DA:183,0
DA:185,18
DA:187,18
DA:190,7
LF:69
LH:54
BRDA:76,0,0,379
BRDA:76,0,1,10020
BRDA:89,1,0,19
BRDA:89,1,1,11
BRDA:98,2,0,1
BRDA:98,2,1,8
BRDA:102,3,0,1
BRDA:102,3,1,7
BRDA:118,4,0,1
BRDA:118,4,1,40
BRDA:124,5,0,16
BRDA:124,5,1,25
BRDA:124,6,0,41
BRDA:124,6,1,16
BRDA:159,7,0,0
BRDA:159,7,1,0
BRDA:161,8,0,0
BRDA:161,8,1,0
BRDA:177,9,0,11
BRDA:177,9,1,7
BRDA:181,10,0,0
BRDA:181,10,1,18
BRF:22
BRH:17
end_of_record
TN:
SF:/Users/shelby_faulconer/ada/projects/js-adagrams/src/demo/adagrams.js
FN:16,(anonymous_0)
FN:26,(anonymous_1)
FN:34,(anonymous_2)
FN:42,(anonymous_3)
FNF:4
FNH:0
FNDA:0,(anonymous_0)
FNDA:0,(anonymous_1)
FNDA:0,(anonymous_2)
FNDA:0,(anonymous_3)
DA:8,1
DA:15,1
DA:17,0
DA:19,0
DA:20,0
DA:23,0
DA:27,0
DA:28,0
DA:31,0
DA:35,0
DA:36,0
DA:39,0
DA:43,0
DA:44,0
DA:47,0
DA:49,0
LF:16
LH:2
BRDA:19,0,0,0
BRDA:19,0,1,0
BRDA:20,1,0,0
BRDA:20,1,1,0
BRDA:27,2,0,0
BRDA:27,2,1,0
BRDA:35,3,0,0
BRDA:35,3,1,0
BRDA:43,4,0,0
BRDA:43,4,1,0
BRDA:47,5,0,0
BRDA:47,5,1,0
BRF:12
BRH:0
end_of_record
TN:
SF:/Users/shelby_faulconer/ada/projects/js-adagrams/src/demo/model.js
FN:4,(anonymous_0)
FN:29,(anonymous_1)
FN:35,(anonymous_2)
FN:42,(anonymous_3)
FN:55,(anonymous_4)
FN:62,(anonymous_5)
FN:71,(anonymous_6)
FN:81,(anonymous_7)
FN:86,(anonymous_8)
FN:90,(anonymous_9)
FN:94,(anonymous_10)
FN:103,(anonymous_11)
FN:105,(anonymous_12)
FN:106,(anonymous_13)
FN:112,(anonymous_14)
FN:113,(anonymous_15)
FN:116,(anonymous_16)
FN:121,(anonymous_17)
FN:130,(anonymous_18)
FNF:19
FNH:0
FNDA:0,(anonymous_0)
FNDA:0,(anonymous_1)
FNDA:0,(anonymous_2)
FNDA:0,(anonymous_3)
FNDA:0,(anonymous_4)
FNDA:0,(anonymous_5)
FNDA:0,(anonymous_6)
FNDA:0,(anonymous_7)
FNDA:0,(anonymous_8)
FNDA:0,(anonymous_9)
FNDA:0,(anonymous_10)
FNDA:0,(anonymous_11)
FNDA:0,(anonymous_12)
FNDA:0,(anonymous_13)
FNDA:0,(anonymous_14)
FNDA:0,(anonymous_15)
FNDA:0,(anonymous_16)
FNDA:0,(anonymous_17)
FNDA:0,(anonymous_18)
DA:5,0
DA:6,0
DA:9,0
DA:12,0
DA:13,0
DA:14,0
DA:29,0
DA:30,0
DA:31,0
DA:36,0
DA:38,0
DA:43,0
DA:44,0
DA:46,0
DA:47,0
DA:48,0
DA:52,0
DA:55,0
DA:56,0
DA:59,0
DA:63,0
DA:65,0
DA:66,0
DA:68,0
DA:72,0
DA:74,0
DA:76,0
DA:78,0
DA:82,0
DA:83,0
DA:87,0
DA:91,0
DA:95,0
DA:96,0
DA:97,0
DA:100,0
DA:104,0
DA:105,0
DA:106,0
DA:108,0
DA:109,0
DA:112,0
DA:113,0
DA:118,0
DA:119,0
DA:120,0
DA:121,0
DA:123,0
DA:124,0
DA:126,0
DA:130,0
DA:131,0
DA:132,0
DA:135,0
LF:54
LH:0
BRDA:5,0,0,0
BRDA:5,0,1,0
BRDA:36,1,0,0
BRDA:36,1,1,0
BRDA:47,2,0,0
BRDA:47,2,1,0
BRDA:66,3,0,0
BRDA:66,3,1,0
BRDA:74,4,0,0
BRDA:74,4,1,0
BRDA:81,5,0,0
BRDA:82,6,0,0
BRDA:82,6,1,0
BRDA:90,7,0,0
BRDA:90,8,0,0
BRDA:96,9,0,0
BRDA:96,9,1,0
BRDA:108,10,0,0
BRDA:108,10,1,0
BRDA:123,11,0,0
BRDA:123,11,1,0
BRDA:131,12,0,0
BRDA:131,12,1,0
BRF:23
BRH:0
end_of_record
